<?xml version="1.0" encoding="UTF-8"?>
<!-- Generated by org.testng.reporters.JUnitXMLReporter -->
<testsuite hostname="KALPESH-MBA.local" name="SingleTestFirefox" tests="1" failures="1" timestamp="2 May 2017 07:51:42 GMT" time="87.441" errors="0">
  <testcase name="testLogin" time="10.287" classname="com.browserstack.SingleTest">
    <failure type="org.openqa.selenium.NoSuchElementException" message="Unable to locate element: //*[@id=&amp;quot;rf-browsers&amp;quot;]/div/div[2]/div[4]/ul/li[1]/a
For documentation on this error, please visit: http://seleniumhq.org/exceptions/no_such_element.html
Build info: version: &amp;apos;3.4.0&amp;apos;, revision: &amp;apos;unknown&amp;apos;, time: &amp;apos;unknown&amp;apos;
System info: host: &amp;apos;185-129-68-188&amp;apos;, ip: &amp;apos;185.129.68.188&amp;apos;, os.name: &amp;apos;windows&amp;apos;, os.arch: &amp;apos;x86&amp;apos;, os.version: &amp;apos;6.1&amp;apos;, java.version: &amp;apos;1.8.0_121&amp;apos;
Driver info: org.openqa.selenium.firefox.FirefoxDriver
Capabilities [{moz:profile=C:\Windows\proxy\rust_mozprofile.2bnwNTcGtw80, rotatable=false, timeouts={implicit=0.0, pageLoad=300000.0, script=30000.0}, pageLoadStrategy=normal, platform=ANY, specificationLevel=0.0, moz:accessibilityChecks=false, acceptInsecureCerts=false, browserVersion=53.0, platformVersion=6.1, moz:processID=4720.0, browserName=firefox, javascriptEnabled=true, platformName=windows_nt}]
Session ID: 82dbf188-c039-467b-8644-38a7b794cfe5
*** Element info: {Using=xpath, value=//*[@id=&amp;quot;rf-browsers&amp;quot;]/div/div[2]/div[4]/ul/li[1]/a}
Command duration or timeout: 2.46 seconds
For documentation on this error, please visit: http://seleniumhq.org/exceptions/no_such_element.html
Build info: version: &amp;apos;2.52.0&amp;apos;, revision: &amp;apos;4c2593cfc3689a7fcd7be52549167e5ccc93ad28&amp;apos;, time: &amp;apos;2016-02-11 11:22:43&amp;apos;
System info: host: &amp;apos;KALPESH-MBA.local&amp;apos;, ip: &amp;apos;127.0.0.1&amp;apos;, os.name: &amp;apos;Mac OS X&amp;apos;, os.arch: &amp;apos;x86_64&amp;apos;, os.version: &amp;apos;10.12.3&amp;apos;, java.version: &amp;apos;1.8.0_121&amp;apos;
Driver info: org.openqa.selenium.remote.RemoteWebDriver
Capabilities [{moz:profile=C:\Windows\proxy\rust_mozprofile.2bnwNTcGtw80, rotatable=false, timeouts={implicit=0, pageLoad=300000, script=30000}, pageLoadStrategy=normal, platform=WINDOWS, specificationLevel=0, moz:accessibilityChecks=false, webdriver.remote.sessionid=d74985af9ff3142f6fcfb96b491550799f382679, acceptInsecureCerts=false, browserVersion=53.0, platformVersion=6.1, moz:processID=4720, browserName=firefox, takesScreenshot=true, javascriptEnabled=true, platformName=windows_nt, cssSelectorsEnabled=true}]
Session ID: d74985af9ff3142f6fcfb96b491550799f382679
*** Element info: {Using=xpath, value=//*[@id=&amp;quot;rf-browsers&amp;quot;]/div/div[2]/div[4]/ul/li[1]/a}">
      <![CDATA[org.openqa.selenium.NoSuchElementException: Unable to locate element: //*[@id="rf-browsers"]/div/div[2]/div[4]/ul/li[1]/a
For documentation on this error, please visit: http://seleniumhq.org/exceptions/no_such_element.html
Build info: version: '3.4.0', revision: 'unknown', time: 'unknown'
System info: host: '185-129-68-188', ip: '185.129.68.188', os.name: 'windows', os.arch: 'x86', os.version: '6.1', java.version: '1.8.0_121'
Driver info: org.openqa.selenium.firefox.FirefoxDriver
Capabilities [{moz:profile=C:\Windows\proxy\rust_mozprofile.2bnwNTcGtw80, rotatable=false, timeouts={implicit=0.0, pageLoad=300000.0, script=30000.0}, pageLoadStrategy=normal, platform=ANY, specificationLevel=0.0, moz:accessibilityChecks=false, acceptInsecureCerts=false, browserVersion=53.0, platformVersion=6.1, moz:processID=4720.0, browserName=firefox, javascriptEnabled=true, platformName=windows_nt}]
Session ID: 82dbf188-c039-467b-8644-38a7b794cfe5
*** Element info: {Using=xpath, value=//*[@id="rf-browsers"]/div/div[2]/div[4]/ul/li[1]/a}
Command duration or timeout: 2.46 seconds
For documentation on this error, please visit: http://seleniumhq.org/exceptions/no_such_element.html
Build info: version: '2.52.0', revision: '4c2593cfc3689a7fcd7be52549167e5ccc93ad28', time: '2016-02-11 11:22:43'
System info: host: 'KALPESH-MBA.local', ip: '127.0.0.1', os.name: 'Mac OS X', os.arch: 'x86_64', os.version: '10.12.3', java.version: '1.8.0_121'
Driver info: org.openqa.selenium.remote.RemoteWebDriver
Capabilities [{moz:profile=C:\Windows\proxy\rust_mozprofile.2bnwNTcGtw80, rotatable=false, timeouts={implicit=0, pageLoad=300000, script=30000}, pageLoadStrategy=normal, platform=WINDOWS, specificationLevel=0, moz:accessibilityChecks=false, webdriver.remote.sessionid=d74985af9ff3142f6fcfb96b491550799f382679, acceptInsecureCerts=false, browserVersion=53.0, platformVersion=6.1, moz:processID=4720, browserName=firefox, takesScreenshot=true, javascriptEnabled=true, platformName=windows_nt, cssSelectorsEnabled=true}]
Session ID: d74985af9ff3142f6fcfb96b491550799f382679
*** Element info: {Using=xpath, value=//*[@id="rf-browsers"]/div/div[2]/div[4]/ul/li[1]/a}
	at org.openqa.selenium.remote.ErrorHandler.createThrowable(ErrorHandler.java:206)
	at org.openqa.selenium.remote.ErrorHandler.throwIfResponseFailed(ErrorHandler.java:158)
	at org.openqa.selenium.remote.RemoteWebDriver.execute(RemoteWebDriver.java:678)
	at org.openqa.selenium.remote.RemoteWebDriver.findElement(RemoteWebDriver.java:363)
	at org.openqa.selenium.remote.RemoteWebDriver.findElementByXPath(RemoteWebDriver.java:500)
	at org.openqa.selenium.By$ByXPath.findElement(By.java:361)
	at org.openqa.selenium.remote.RemoteWebDriver.findElement(RemoteWebDriver.java:355)
	at com.browserstack.SingleTest.testLogin(SingleTest.java:44)
	at java.util.concurrent.FutureTask.run(FutureTask.java:266)
	at java.util.concurrent.ThreadPoolExecutor.runWorker(ThreadPoolExecutor.java:1142)
	at java.util.concurrent.ThreadPoolExecutor$Worker.run(ThreadPoolExecutor.java:617)
	at java.lang.Thread.run(Thread.java:745)
Caused by: org.openqa.selenium.remote.ScreenshotException: Screen shot has been taken
Build info: version: '2.52.0', revision: '4c2593cfc3689a7fcd7be52549167e5ccc93ad28', time: '2016-02-11 11:22:43'
System info: host: 'KALPESH-MBA.local', ip: '127.0.0.1', os.name: 'Mac OS X', os.arch: 'x86_64', os.version: '10.12.3', java.version: '1.8.0_121'
Driver info: driver.version: RemoteWebDriver
	at org.openqa.selenium.remote.ErrorHandler.throwIfResponseFailed(ErrorHandler.java:138)
	... 26 more
Caused by: org.openqa.selenium.NoSuchElementException: Unable to locate element: //*[@id="rf-browsers"]/div/div[2]/div[4]/ul/li[1]/a
For documentation on this error, please visit: http://seleniumhq.org/exceptions/no_such_element.html
Build info: version: '3.4.0', revision: 'unknown', time: 'unknown'
System info: host: '185-129-68-188', ip: '185.129.68.188', os.name: 'windows', os.arch: 'x86', os.version: '6.1', java.version: '1.8.0_121'
Driver info: org.openqa.selenium.firefox.FirefoxDriver
Capabilities [{moz:profile=C:\Windows\proxy\rust_mozprofile.2bnwNTcGtw80, rotatable=false, timeouts={implicit=0.0, pageLoad=300000.0, script=30000.0}, pageLoadStrategy=normal, platform=ANY, specificationLevel=0.0, moz:accessibilityChecks=false, acceptInsecureCerts=false, browserVersion=53.0, platformVersion=6.1, moz:processID=4720.0, browserName=firefox, javascriptEnabled=true, platformName=windows_nt}]
Session ID: 82dbf188-c039-467b-8644-38a7b794cfe5
*** Element info: {Using=xpath, value=//*[@id="rf-browsers"]/div/div[2]/div[4]/ul/li[1]/a}
For documentation on this error, please visit: http://seleniumhq.org/exceptions/no_such_element.html
Build info: version: '2.52.0', revision: '4c2593cfc3689a7fcd7be52549167e5ccc93ad28', time: '2016-02-11 11:22:43'
System info: host: 'KALPESH-MBA.local', ip: '127.0.0.1', os.name: 'Mac OS X', os.arch: 'x86_64', os.version: '10.12.3', java.version: '1.8.0_121'
Driver info: driver.version: EventFiringWebDriver
	at org.openqa.selenium.remote.http.W3CHttpResponseCodec.createException(W3CHttpResponseCodec.java:150)
	at org.openqa.selenium.remote.http.W3CHttpResponseCodec.decode(W3CHttpResponseCodec.java:115)
	at org.openqa.selenium.remote.http.W3CHttpResponseCodec.decode(W3CHttpResponseCodec.java:45)
	at org.openqa.selenium.remote.HttpCommandExecutor.execute(HttpCommandExecutor.java:164)
	at org.openqa.selenium.remote.service.DriverCommandExecutor.execute(DriverCommandExecutor.java:82)
	at org.openqa.selenium.remote.RemoteWebDriver.execute(RemoteWebDriver.java:637)
	at org.openqa.selenium.remote.RemoteWebDriver.findElement(RemoteWebDriver.java:410)
	at org.openqa.selenium.remote.RemoteWebDriver.findElementByXPath(RemoteWebDriver.java:509)
	at org.openqa.selenium.By$ByXPath.findElement(By.java:361)
	at org.openqa.selenium.remote.RemoteWebDriver.findElement(RemoteWebDriver.java:402)
	at org.openqa.selenium.support.events.EventFiringWebDriver$2.invoke(EventFiringWebDriver.java:104)
	at com.sun.proxy.$Proxy4.findElement(Unknown Source)
	at org.openqa.selenium.support.events.EventFiringWebDriver.findElement(EventFiringWebDriver.java:188)
	at org.openqa.selenium.remote.server.handler.FindElement.call(FindElement.java:48)
	at org.openqa.selenium.remote.server.handler.FindElement.call(FindElement.java:33)
	at java.util.concurrent.FutureTask.run(Unknown Source)
	at org.openqa.selenium.remote.server.DefaultSession$1.run(DefaultSession.java:176)
	at java.util.concurrent.ThreadPoolExecutor.runWorker(Unknown Source)
	at java.util.concurrent.ThreadPoolExecutor$Worker.run(Unknown Source)
	at java.lang.Thread.run(Unknown Source)
... Removed 28 stack frames]]>
    </failure>
  </testcase> <!-- testLogin -->
</testsuite> <!-- SingleTestFirefox -->
