<?xml version="1.0" encoding="UTF-8"?>
<!-- Generated by org.testng.reporters.JUnitXMLReporter -->
<testsuite hostname="KALPESH-MBA.local" name="SingleTest" tests="4" failures="0" timestamp="4 Aug 2017 10:55:20 GMT" time="638.431" errors="0">
  <testcase name="@BeforeMethod setUp" time="0.0" classname="com.browserstack.AppiumIOSCalculatorSim">
    <failure type="org.openqa.selenium.WebDriverException" message="An unknown server-side error occurred while processing the command. Original error: Simulator is not booted after 123 seconds (WARNING: The server did not provide any stacktrace information)
Command duration or timeout: 130.99 seconds
Build info: version: &amp;apos;2.52.0&amp;apos;, revision: &amp;apos;4c2593cfc3689a7fcd7be52549167e5ccc93ad28&amp;apos;, time: &amp;apos;2016-02-11 11:22:43&amp;apos;
System info: host: &amp;apos;KALPESH-MBA.local&amp;apos;, ip: &amp;apos;127.0.0.1&amp;apos;, os.name: &amp;apos;Mac OS X&amp;apos;, os.arch: &amp;apos;x86_64&amp;apos;, os.version: &amp;apos;10.12.3&amp;apos;, java.version: &amp;apos;1.8.0_121&amp;apos;
Driver info: io.appium.java_client.ios.IOSDriver">
      <![CDATA[org.openqa.selenium.WebDriverException: An unknown server-side error occurred while processing the command. Original error: Simulator is not booted after 123 seconds (WARNING: The server did not provide any stacktrace information)
Command duration or timeout: 130.99 seconds
Build info: version: '2.52.0', revision: '4c2593cfc3689a7fcd7be52549167e5ccc93ad28', time: '2016-02-11 11:22:43'
System info: host: 'KALPESH-MBA.local', ip: '127.0.0.1', os.name: 'Mac OS X', os.arch: 'x86_64', os.version: '10.12.3', java.version: '1.8.0_121'
Driver info: io.appium.java_client.ios.IOSDriver
	at org.openqa.selenium.remote.ErrorHandler.createThrowable(ErrorHandler.java:206)
	at org.openqa.selenium.remote.ErrorHandler.throwIfResponseFailed(ErrorHandler.java:158)
	at org.openqa.selenium.remote.RemoteWebDriver.execute(RemoteWebDriver.java:678)
	at io.appium.java_client.AppiumDriver.execute(AppiumDriver.java:180)
	at org.openqa.selenium.remote.RemoteWebDriver.startSession(RemoteWebDriver.java:249)
	at org.openqa.selenium.remote.RemoteWebDriver.<init>(RemoteWebDriver.java:131)
	at org.openqa.selenium.remote.RemoteWebDriver.<init>(RemoteWebDriver.java:158)
	at io.appium.java_client.AppiumDriver.<init>(AppiumDriver.java:109)
	at io.appium.java_client.ios.IOSDriver.<init>(IOSDriver.java:23)
	at com.browserstack.AppiumIOSCalculatorSim.setUp(AppiumIOSCalculatorSim.java:47)
... Removed 30 stack frames]]>
    </failure>
  </testcase> <!-- @BeforeMethod setUp -->
  <testcase name="addition" time="19.932" classname="com.browserstack.AppiumIOSCalculatorSim"/>
  <testcase name="division" time="18.783" classname="com.browserstack.AppiumIOSCalculatorSim"/>
  <testcase name="multiplication" time="0.003" classname="com.browserstack.AppiumIOSCalculatorSim">
    <skipped/>
  </testcase> <!-- multiplication -->
  <testcase name="subtraction" time="0.01" classname="com.browserstack.AppiumIOSCalculatorSim">
    <skipped/>
  </testcase> <!-- subtraction -->
</testsuite> <!-- SingleTest -->
